[debug] [2022-06-27T19:22:27.439Z] ----------------------------------------------------------------------
[debug] [2022-06-27T19:22:27.440Z] Command:       /usr/local/bin/node /usr/local/bin/firebase deploy
[debug] [2022-06-27T19:22:27.440Z] CLI Version:   11.0.1
[debug] [2022-06-27T19:22:27.440Z] Platform:      darwin
[debug] [2022-06-27T19:22:27.440Z] Node Version:  v16.13.2
[debug] [2022-06-27T19:22:27.441Z] Time:          Mon Jun 27 2022 21:22:27 GMT+0200 (Mitteleuropäische Sommerzeit)
[debug] [2022-06-27T19:22:27.441Z] ----------------------------------------------------------------------
[debug] 
[debug] [2022-06-27T19:22:27.488Z] > command requires scopes: ["email","openid","https://www.googleapis.com/auth/cloudplatformprojects.readonly","https://www.googleapis.com/auth/firebase","https://www.googleapis.com/auth/cloud-platform"]
[debug] [2022-06-27T19:22:27.488Z] > authorizing via signed-in user (marc.heintz3@gmail.com)
[debug] [2022-06-27T19:22:27.488Z] [iam] checking project korrekturmanagementsyste-b8cd9 for permissions ["cloudconfig.configs.get","cloudconfig.configs.update","datastore.indexes.create","datastore.indexes.delete","datastore.indexes.list","datastore.indexes.update","firebase.projects.get","firebasedatabase.instances.update","firebasehosting.sites.update","firebaserules.releases.create","firebaserules.releases.update","firebaserules.rulesets.create"]
[debug] [2022-06-27T19:22:27.489Z] >>> [apiv2][query] POST https://cloudresourcemanager.googleapis.com/v1/projects/korrekturmanagementsyste-b8cd9:testIamPermissions [none]
[debug] [2022-06-27T19:22:27.489Z] >>> [apiv2][body] POST https://cloudresourcemanager.googleapis.com/v1/projects/korrekturmanagementsyste-b8cd9:testIamPermissions {"permissions":["cloudconfig.configs.get","cloudconfig.configs.update","datastore.indexes.create","datastore.indexes.delete","datastore.indexes.list","datastore.indexes.update","firebase.projects.get","firebasedatabase.instances.update","firebasehosting.sites.update","firebaserules.releases.create","firebaserules.releases.update","firebaserules.rulesets.create"]}
[debug] [2022-06-27T19:22:29.207Z] <<< [apiv2][status] POST https://cloudresourcemanager.googleapis.com/v1/projects/korrekturmanagementsyste-b8cd9:testIamPermissions 200
[debug] [2022-06-27T19:22:29.207Z] <<< [apiv2][body] POST https://cloudresourcemanager.googleapis.com/v1/projects/korrekturmanagementsyste-b8cd9:testIamPermissions {"permissions":["cloudconfig.configs.get","cloudconfig.configs.update","datastore.indexes.create","datastore.indexes.delete","datastore.indexes.list","datastore.indexes.update","firebase.projects.get","firebasedatabase.instances.update","firebasehosting.sites.update","firebaserules.releases.create","firebaserules.releases.update","firebaserules.rulesets.create"]}
[debug] [2022-06-27T19:22:29.208Z] >>> [apiv2][query] GET https://firebase.googleapis.com/v1beta1/projects/korrekturmanagementsyste-b8cd9 [none]
[debug] [2022-06-27T19:22:29.482Z] <<< [apiv2][status] GET https://firebase.googleapis.com/v1beta1/projects/korrekturmanagementsyste-b8cd9 200
[debug] [2022-06-27T19:22:29.482Z] <<< [apiv2][body] GET https://firebase.googleapis.com/v1beta1/projects/korrekturmanagementsyste-b8cd9 {"projectId":"korrekturmanagementsyste-b8cd9","projectNumber":"672718022970","displayName":"Korrekturmanagementsystem","name":"projects/korrekturmanagementsyste-b8cd9","resources":{"hostingSite":"korrekturmanagementsyste-b8cd9","realtimeDatabaseInstance":"korrekturmanagementsyste-b8cd9-default-rtdb","storageBucket":"korrekturmanagementsyste-b8cd9.appspot.com","locationId":"us-central"},"state":"ACTIVE"}
[debug] [2022-06-27T19:22:29.483Z] >>> [apiv2][query] GET https://firebase.googleapis.com/v1beta1/projects/korrekturmanagementsyste-b8cd9 [none]
[debug] [2022-06-27T19:22:29.721Z] <<< [apiv2][status] GET https://firebase.googleapis.com/v1beta1/projects/korrekturmanagementsyste-b8cd9 200
[debug] [2022-06-27T19:22:29.721Z] <<< [apiv2][body] GET https://firebase.googleapis.com/v1beta1/projects/korrekturmanagementsyste-b8cd9 {"projectId":"korrekturmanagementsyste-b8cd9","projectNumber":"672718022970","displayName":"Korrekturmanagementsystem","name":"projects/korrekturmanagementsyste-b8cd9","resources":{"hostingSite":"korrekturmanagementsyste-b8cd9","realtimeDatabaseInstance":"korrekturmanagementsyste-b8cd9-default-rtdb","storageBucket":"korrekturmanagementsyste-b8cd9.appspot.com","locationId":"us-central"},"state":"ACTIVE"}
[info] 
[info] === Deploying to 'korrekturmanagementsyste-b8cd9'...
[info] 
[info] i  deploying database, storage, firestore, hosting, remoteconfig 
[info] i  database: checking rules syntax... 
[debug] [2022-06-27T19:22:29.727Z] >>> [apiv2][query] GET https://firebasedatabase.googleapis.com/v1beta/projects/korrekturmanagementsyste-b8cd9/locations/-/instances/korrekturmanagementsyste-b8cd9-default-rtdb [none]
[debug] [2022-06-27T19:22:30.020Z] <<< [apiv2][status] GET https://firebasedatabase.googleapis.com/v1beta/projects/korrekturmanagementsyste-b8cd9/locations/-/instances/korrekturmanagementsyste-b8cd9-default-rtdb 200
[debug] [2022-06-27T19:22:30.020Z] <<< [apiv2][body] GET https://firebasedatabase.googleapis.com/v1beta/projects/korrekturmanagementsyste-b8cd9/locations/-/instances/korrekturmanagementsyste-b8cd9-default-rtdb {"name":"projects/672718022970/locations/europe-west1/instances/korrekturmanagementsyste-b8cd9-default-rtdb","project":"projects/672718022970","databaseUrl":"https://korrekturmanagementsyste-b8cd9-default-rtdb.europe-west1.firebasedatabase.app","type":"DEFAULT_DATABASE","state":"ACTIVE"}
[debug] [2022-06-27T19:22:30.022Z] >>> [apiv2][query] PUT https://korrekturmanagementsyste-b8cd9-default-rtdb.europe-west1.firebasedatabase.app/.settings/rules.json dryRun=true
[debug] [2022-06-27T19:22:30.022Z] >>> [apiv2][body] PUT https://korrekturmanagementsyste-b8cd9-default-rtdb.europe-west1.firebasedatabase.app/.settings/rules.json "{  \n  \"rules\": {\n    \".read\": false,\n    \".write\": false\n  }\n}"
[debug] [2022-06-27T19:22:30.206Z] <<< [apiv2][status] PUT https://korrekturmanagementsyste-b8cd9-default-rtdb.europe-west1.firebasedatabase.app/.settings/rules.json 200
[debug] [2022-06-27T19:22:30.206Z] <<< [apiv2][body] PUT https://korrekturmanagementsyste-b8cd9-default-rtdb.europe-west1.firebasedatabase.app/.settings/rules.json {"status":"ok"}
[info] ✔  database: rules syntax for database korrekturmanagementsyste-b8cd9-default-rtdb is valid 
[debug] [2022-06-27T19:22:30.209Z] >>> [apiv2][query] GET https://appengine.googleapis.com/v1/apps/korrekturmanagementsyste-b8cd9 [none]
[debug] [2022-06-27T19:22:30.555Z] <<< [apiv2][status] GET https://appengine.googleapis.com/v1/apps/korrekturmanagementsyste-b8cd9 200
[debug] [2022-06-27T19:22:30.555Z] <<< [apiv2][body] GET https://appengine.googleapis.com/v1/apps/korrekturmanagementsyste-b8cd9 {"name":"apps/korrekturmanagementsyste-b8cd9","id":"korrekturmanagementsyste-b8cd9","authDomain":"gmail.com","locationId":"us-central","codeBucket":"staging.korrekturmanagementsyste-b8cd9.appspot.com","servingStatus":"SERVING","defaultHostname":"korrekturmanagementsyste-b8cd9.uc.r.appspot.com","defaultBucket":"korrekturmanagementsyste-b8cd9.appspot.com","serviceAccount":"korrekturmanagementsyste-b8cd9@appspot.gserviceaccount.com","gcrDomain":"us.gcr.io","databaseType":"CLOUD_FIRESTORE","featureSettings":{"splitHealthChecks":true,"useContainerOptimizedOs":true}}
[info] i  firebase.storage: checking storage.rules for compilation errors... 
[debug] [2022-06-27T19:22:30.558Z] >>> [apiv2][query] POST https://firebaserules.googleapis.com/v1/projects/korrekturmanagementsyste-b8cd9:test [none]
[debug] [2022-06-27T19:22:30.558Z] >>> [apiv2][body] POST https://firebaserules.googleapis.com/v1/projects/korrekturmanagementsyste-b8cd9:test [omitted]
[debug] [2022-06-27T19:22:30.840Z] <<< [apiv2][status] POST https://firebaserules.googleapis.com/v1/projects/korrekturmanagementsyste-b8cd9:test 200
[debug] [2022-06-27T19:22:30.840Z] <<< [apiv2][body] POST https://firebaserules.googleapis.com/v1/projects/korrekturmanagementsyste-b8cd9:test {}
[info] ✔  firebase.storage: rules file storage.rules compiled successfully 
[info] i  firestore: reading indexes from firestore.indexes.json... 
[info] i  cloud.firestore: checking firestore.rules for compilation errors... 
[debug] [2022-06-27T19:22:30.844Z] >>> [apiv2][query] POST https://firebaserules.googleapis.com/v1/projects/korrekturmanagementsyste-b8cd9:test [none]
[debug] [2022-06-27T19:22:30.844Z] >>> [apiv2][body] POST https://firebaserules.googleapis.com/v1/projects/korrekturmanagementsyste-b8cd9:test [omitted]
[debug] [2022-06-27T19:22:31.710Z] <<< [apiv2][status] POST https://firebaserules.googleapis.com/v1/projects/korrekturmanagementsyste-b8cd9:test 200
[debug] [2022-06-27T19:22:31.710Z] <<< [apiv2][body] POST https://firebaserules.googleapis.com/v1/projects/korrekturmanagementsyste-b8cd9:test {}
[info] ✔  cloud.firestore: rules file firestore.rules compiled successfully 
[debug] [2022-06-27T19:22:31.710Z] >>> [apiv2][query] GET https://firebase.googleapis.com/v1beta1/projects/korrekturmanagementsyste-b8cd9 [none]
[debug] [2022-06-27T19:22:31.928Z] <<< [apiv2][status] GET https://firebase.googleapis.com/v1beta1/projects/korrekturmanagementsyste-b8cd9 200
[debug] [2022-06-27T19:22:31.928Z] <<< [apiv2][body] GET https://firebase.googleapis.com/v1beta1/projects/korrekturmanagementsyste-b8cd9 {"projectId":"korrekturmanagementsyste-b8cd9","projectNumber":"672718022970","displayName":"Korrekturmanagementsystem","name":"projects/korrekturmanagementsyste-b8cd9","resources":{"hostingSite":"korrekturmanagementsyste-b8cd9","realtimeDatabaseInstance":"korrekturmanagementsyste-b8cd9-default-rtdb","storageBucket":"korrekturmanagementsyste-b8cd9.appspot.com","locationId":"us-central"},"state":"ACTIVE"}
[debug] [2022-06-27T19:22:31.930Z] >>> [apiv2][query] POST https://firebasehosting.googleapis.com/v1beta1/projects/672718022970/sites/korrekturmanagementsyste-b8cd9/versions [none]
[debug] [2022-06-27T19:22:31.930Z] >>> [apiv2][body] POST https://firebasehosting.googleapis.com/v1beta1/projects/672718022970/sites/korrekturmanagementsyste-b8cd9/versions {"config":{"rewrites":[{"glob":"**","path":"/index.html"}]},"labels":{"deployment-tool":"cli-firebase"}}
[debug] [2022-06-27T19:22:33.310Z] <<< [apiv2][status] POST https://firebasehosting.googleapis.com/v1beta1/projects/672718022970/sites/korrekturmanagementsyste-b8cd9/versions 200
[debug] [2022-06-27T19:22:33.310Z] <<< [apiv2][body] POST https://firebasehosting.googleapis.com/v1beta1/projects/672718022970/sites/korrekturmanagementsyste-b8cd9/versions {"name":"projects/672718022970/sites/korrekturmanagementsyste-b8cd9/versions/fb389a249fceb337","status":"CREATED","config":{"rewrites":[{"glob":"**","path":"/index.html"}]},"labels":{"deployment-tool":"cli-firebase"}}
[debug] [2022-06-27T19:22:33.312Z] >>> [apiv2][query] GET https://firebaseremoteconfig.googleapis.com/v1/projects/672718022970/remoteConfig 
[debug] [2022-06-27T19:22:33.662Z] <<< [apiv2][status] GET https://firebaseremoteconfig.googleapis.com/v1/projects/672718022970/remoteConfig 200
[debug] [2022-06-27T19:22:33.663Z] <<< [apiv2][body] GET https://firebaseremoteconfig.googleapis.com/v1/projects/672718022970/remoteConfig {"version":{"versionNumber":"54","updateTime":"2022-06-27T18:54:10.768444Z","updateUser":{"email":"marc.heintz3@gmail.com"},"updateOrigin":"REST_API","updateType":"INCREMENTAL_UPDATE"}}
[debug] [2022-06-27T19:22:33.663Z] >>> [apiv2][query] GET https://firebaserules.googleapis.com/v1/projects/korrekturmanagementsyste-b8cd9/releases pageSize=10&pageToken=
[debug] [2022-06-27T19:22:33.907Z] <<< [apiv2][status] GET https://firebaserules.googleapis.com/v1/projects/korrekturmanagementsyste-b8cd9/releases 200
[debug] [2022-06-27T19:22:33.907Z] <<< [apiv2][body] GET https://firebaserules.googleapis.com/v1/projects/korrekturmanagementsyste-b8cd9/releases {"releases":[{"name":"projects/korrekturmanagementsyste-b8cd9/releases/cloud.firestore","rulesetName":"projects/korrekturmanagementsyste-b8cd9/rulesets/eeb0c194-4846-435d-99cc-c067ec5d70bf","createTime":"2022-02-22T22:12:06.085324Z","updateTime":"2022-06-27T18:54:08.092337Z"},{"name":"projects/korrekturmanagementsyste-b8cd9/releases/firebase.storage/korrekturmanagementsyste-b8cd9.appspot.com","rulesetName":"projects/korrekturmanagementsyste-b8cd9/rulesets/3af903b4-a9b6-455f-bd89-78dc401413cf","createTime":"2022-05-30T20:31:54.523481Z","updateTime":"2022-06-27T18:54:07.686178Z"}]}
[debug] [2022-06-27T19:22:33.908Z] >>> [apiv2][query] GET https://firebaserules.googleapis.com/v1/projects/korrekturmanagementsyste-b8cd9/rulesets/3af903b4-a9b6-455f-bd89-78dc401413cf [none]
[debug] [2022-06-27T19:22:34.145Z] <<< [apiv2][status] GET https://firebaserules.googleapis.com/v1/projects/korrekturmanagementsyste-b8cd9/rulesets/3af903b4-a9b6-455f-bd89-78dc401413cf 200
[debug] [2022-06-27T19:22:34.145Z] <<< [apiv2][body] GET https://firebaserules.googleapis.com/v1/projects/korrekturmanagementsyste-b8cd9/rulesets/3af903b4-a9b6-455f-bd89-78dc401413cf [omitted]
[info] i  storage: latest version of storage.rules already up to date, skipping upload... 
[debug] [2022-06-27T19:22:34.148Z] >>> [apiv2][query] GET https://firebaserules.googleapis.com/v1/projects/korrekturmanagementsyste-b8cd9/releases pageSize=10&pageToken=
[debug] [2022-06-27T19:22:34.150Z] >>> [apiv2][query] GET https://firestore.googleapis.com/v1/projects/korrekturmanagementsyste-b8cd9/databases/(default)/collectionGroups/-/indexes [none]
[debug] [2022-06-27T19:22:34.922Z] <<< [apiv2][status] GET https://firestore.googleapis.com/v1/projects/korrekturmanagementsyste-b8cd9/databases/(default)/collectionGroups/-/indexes 200
[debug] [2022-06-27T19:22:34.922Z] <<< [apiv2][body] GET https://firestore.googleapis.com/v1/projects/korrekturmanagementsyste-b8cd9/databases/(default)/collectionGroups/-/indexes {"indexes":[{"name":"projects/korrekturmanagementsyste-b8cd9/databases/(default)/collectionGroups/tickets/indexes/CICAgOjXh4EK","queryScope":"COLLECTION","fields":[{"fieldPath":"author","order":"ASCENDING"},{"fieldPath":"createdAt","order":"DESCENDING"},{"fieldPath":"__name__","order":"DESCENDING"}],"state":"READY"},{"name":"projects/korrekturmanagementsyste-b8cd9/databases/(default)/collectionGroups/tickets/indexes/CICAgJjmiJEK","queryScope":"COLLECTION","fields":[{"fieldPath":"courseInformation.email","order":"ASCENDING"},{"fieldPath":"createdAt","order":"DESCENDING"},{"fieldPath":"__name__","order":"DESCENDING"}],"state":"READY"}]}
[debug] [2022-06-27T19:22:34.923Z] >>> [apiv2][query] GET https://firestore.googleapis.com/v1/projects/korrekturmanagementsyste-b8cd9/databases/(default)/collectionGroups/-/fields?filter=indexConfig.usesAncestorConfig=false [none]
[debug] [2022-06-27T19:22:35.788Z] <<< [apiv2][status] GET https://firestore.googleapis.com/v1/projects/korrekturmanagementsyste-b8cd9/databases/(default)/collectionGroups/-/fields?filter=indexConfig.usesAncestorConfig=false 200
[debug] [2022-06-27T19:22:35.788Z] <<< [apiv2][body] GET https://firestore.googleapis.com/v1/projects/korrekturmanagementsyste-b8cd9/databases/(default)/collectionGroups/-/fields?filter=indexConfig.usesAncestorConfig=false {"fields":[{"name":"projects/korrekturmanagementsyste-b8cd9/databases/(default)/collectionGroups/__default__/fields/*","indexConfig":{"indexes":[{"queryScope":"COLLECTION","fields":[{"fieldPath":"*","order":"ASCENDING"}],"state":"READY"},{"queryScope":"COLLECTION","fields":[{"fieldPath":"*","order":"DESCENDING"}],"state":"READY"},{"queryScope":"COLLECTION","fields":[{"fieldPath":"*","arrayConfig":"CONTAINS"}],"state":"READY"}]}}]}
[info] i  firestore: The following indexes are defined in your project but are not present in your firestore indexes file:
	(tickets) -- (courseInformation.email,ASCENDING) (createdAt,DESCENDING)  
[debug] [2022-06-27T19:22:35.838Z] <<< [apiv2][status] GET https://firebaserules.googleapis.com/v1/projects/korrekturmanagementsyste-b8cd9/releases 200
[debug] [2022-06-27T19:22:35.838Z] <<< [apiv2][body] GET https://firebaserules.googleapis.com/v1/projects/korrekturmanagementsyste-b8cd9/releases {"releases":[{"name":"projects/korrekturmanagementsyste-b8cd9/releases/cloud.firestore","rulesetName":"projects/korrekturmanagementsyste-b8cd9/rulesets/eeb0c194-4846-435d-99cc-c067ec5d70bf","createTime":"2022-02-22T22:12:06.085324Z","updateTime":"2022-06-27T18:54:08.092337Z"},{"name":"projects/korrekturmanagementsyste-b8cd9/releases/firebase.storage/korrekturmanagementsyste-b8cd9.appspot.com","rulesetName":"projects/korrekturmanagementsyste-b8cd9/rulesets/3af903b4-a9b6-455f-bd89-78dc401413cf","createTime":"2022-05-30T20:31:54.523481Z","updateTime":"2022-06-27T18:54:07.686178Z"}]}
[debug] [2022-06-27T19:22:35.838Z] >>> [apiv2][query] GET https://firebaserules.googleapis.com/v1/projects/korrekturmanagementsyste-b8cd9/rulesets/eeb0c194-4846-435d-99cc-c067ec5d70bf [none]
[debug] [2022-06-27T19:22:36.060Z] <<< [apiv2][status] GET https://firebaserules.googleapis.com/v1/projects/korrekturmanagementsyste-b8cd9/rulesets/eeb0c194-4846-435d-99cc-c067ec5d70bf 200
[debug] [2022-06-27T19:22:36.060Z] <<< [apiv2][body] GET https://firebaserules.googleapis.com/v1/projects/korrekturmanagementsyste-b8cd9/rulesets/eeb0c194-4846-435d-99cc-c067ec5d70bf [omitted]
[info] i  firestore: latest version of firestore.rules already up to date, skipping upload... 
